Info: Starting: Create block symbol file (.bsf)
Info: qsys-generate C:\JBL\DE1_Nios\DE1_Nios\altera\nios2e.qsys --block-symbol-file --output-directory=C:\JBL\DE1_Nios\DE1_Nios\altera\nios2e --family="Cyclone V" --part=5CSEMA5F31C6
Progress: Loading altera/nios2e.qsys
Progress: Reading input file
Progress: Adding DECODE0 [altera_avalon_pio 18.1]
Progress: Parameterizing module DECODE0
Progress: Adding PEORIOD0 [altera_avalon_pio 18.1]
Progress: Parameterizing module PEORIOD0
Progress: Adding clk_0 [clock_source 18.1]
Progress: Parameterizing module clk_0
Progress: Adding nios2_qsys_0 [altera_nios2_qsys 16.1]
Progress: Parameterizing module nios2_qsys_0
Progress: Adding onchip_memory2_0 [altera_avalon_onchip_memory2 18.1]
Progress: Parameterizing module onchip_memory2_0
Progress: Building connections
Progress: Parameterizing connections
Progress: Validating
Progress: Done reading input file
Warning: nios2e.nios2_qsys_0: Nios II Classic cores are no longer recommended for new projects
Info: qsys-generate succeeded.
Info: Finished: Create block symbol file (.bsf)
Info: 
Info: Starting: Create HDL design files for synthesis
Info: qsys-generate C:\JBL\DE1_Nios\DE1_Nios\altera\nios2e.qsys --synthesis=VERILOG --output-directory=C:\JBL\DE1_Nios\DE1_Nios\altera\nios2e\synthesis --family="Cyclone V" --part=5CSEMA5F31C6
Progress: Loading altera/nios2e.qsys
Progress: Reading input file
Progress: Adding DECODE0 [altera_avalon_pio 18.1]
Progress: Parameterizing module DECODE0
Progress: Adding PEORIOD0 [altera_avalon_pio 18.1]
Progress: Parameterizing module PEORIOD0
Progress: Adding clk_0 [clock_source 18.1]
Progress: Parameterizing module clk_0
Progress: Adding nios2_qsys_0 [altera_nios2_qsys 16.1]
Progress: Parameterizing module nios2_qsys_0
Progress: Adding onchip_memory2_0 [altera_avalon_onchip_memory2 18.1]
Progress: Parameterizing module onchip_memory2_0
Progress: Building connections
Progress: Parameterizing connections
Progress: Validating
Progress: Done reading input file
Warning: nios2e.nios2_qsys_0: Nios II Classic cores are no longer recommended for new projects
Info: nios2e: Generating nios2e "nios2e" for QUARTUS_SYNTH
Info: DECODE0: Starting RTL generation for module 'nios2e_DECODE0'
Info: DECODE0:   Generation command is [exec C:/intelfpga_lite/18.1/quartus/bin64/perl/bin/perl.exe -I C:/intelfpga_lite/18.1/quartus/bin64/perl/lib -I C:/intelfpga_lite/18.1/quartus/sopc_builder/bin/europa -I C:/intelfpga_lite/18.1/quartus/sopc_builder/bin/perl_lib -I C:/intelfpga_lite/18.1/quartus/sopc_builder/bin -I C:/intelfpga_lite/18.1/quartus/../ip/altera/sopc_builder_ip/common -I C:/intelfpga_lite/18.1/quartus/../ip/altera/sopc_builder_ip/altera_avalon_pio -- C:/intelfpga_lite/18.1/quartus/../ip/altera/sopc_builder_ip/altera_avalon_pio/generate_rtl.pl --name=nios2e_DECODE0 --dir=C:/Users/jblee/AppData/Local/Temp/alt9070_4046306389590878217.dir/0002_DECODE0_gen/ --quartus_dir=C:/intelfpga_lite/18.1/quartus --verilog --config=C:/Users/jblee/AppData/Local/Temp/alt9070_4046306389590878217.dir/0002_DECODE0_gen//nios2e_DECODE0_component_configuration.pl  --do_build_sim=0  ]
Info: DECODE0: Done RTL generation for module 'nios2e_DECODE0'
Info: DECODE0: "nios2e" instantiated altera_avalon_pio "DECODE0"
Info: nios2_qsys_0: Starting RTL generation for module 'nios2e_nios2_qsys_0'
Info: nios2_qsys_0:   Generation command is [exec C:/intelfpga_lite/18.1/quartus/bin64/eperlcmd.exe -I C:/intelfpga_lite/18.1/quartus/bin64/perl/lib -I C:/intelfpga_lite/18.1/quartus/sopc_builder/bin/europa -I C:/intelfpga_lite/18.1/quartus/sopc_builder/bin/perl_lib -I C:/intelfpga_lite/18.1/quartus/sopc_builder/bin -I C:/intelfpga_lite/18.1/quartus/../ip/altera/nios2_ip/altera_nios2/cpu_lib -I C:/intelfpga_lite/18.1/quartus/../ip/altera/nios2_ip/altera_nios2/nios_lib -I C:/intelfpga_lite/18.1/quartus/../ip/altera/nios2_ip/altera_nios2 -I C:/intelfpga_lite/18.1/quartus/../ip/altera/nios2_ip/altera_nios2 -- C:/intelfpga_lite/18.1/quartus/../ip/altera/nios2_ip/altera_nios2/generate_rtl.epl --name=nios2e_nios2_qsys_0 --dir=C:/Users/jblee/AppData/Local/Temp/alt9070_4046306389590878217.dir/0003_nios2_qsys_0_gen/ --quartus_bindir=C:/intelfpga_lite/18.1/quartus/bin64 --verilog --config=C:/Users/jblee/AppData/Local/Temp/alt9070_4046306389590878217.dir/0003_nios2_qsys_0_gen//nios2e_nios2_qsys_0_processor_configuration.pl  --do_build_sim=0  ]
Info: nios2_qsys_0: # 2022.03.19 20:24:58 (*) Starting Nios II generation
Info: nios2_qsys_0: # 2022.03.19 20:24:58 (*)   Checking for plaintext license.
Info: nios2_qsys_0: # 2022.03.19 20:24:59 (*)   Plaintext license not found.
Info: nios2_qsys_0: # 2022.03.19 20:24:59 (*)   No license required to generate encrypted Nios II/e.
Info: nios2_qsys_0: # 2022.03.19 20:24:59 (*)   Elaborating CPU configuration settings
Info: nios2_qsys_0: # 2022.03.19 20:24:59 (*)   Creating all objects for CPU
Info: nios2_qsys_0: # 2022.03.19 20:25:01 (*)   Generating RTL from CPU objects
Info: nios2_qsys_0: # 2022.03.19 20:25:01 (*)   Creating plain-text RTL
Info: nios2_qsys_0: # 2022.03.19 20:25:03 (*) Done Nios II generation
Info: nios2_qsys_0: Done RTL generation for module 'nios2e_nios2_qsys_0'
Info: nios2_qsys_0: "nios2e" instantiated altera_nios2_qsys "nios2_qsys_0"
Info: onchip_memory2_0: Starting RTL generation for module 'nios2e_onchip_memory2_0'
Info: onchip_memory2_0:   Generation command is [exec C:/intelfpga_lite/18.1/quartus/bin64/perl/bin/perl.exe -I C:/intelfpga_lite/18.1/quartus/bin64/perl/lib -I C:/intelfpga_lite/18.1/quartus/sopc_builder/bin/europa -I C:/intelfpga_lite/18.1/quartus/sopc_builder/bin/perl_lib -I C:/intelfpga_lite/18.1/quartus/sopc_builder/bin -I C:/intelfpga_lite/18.1/quartus/../ip/altera/sopc_builder_ip/common -I C:/intelfpga_lite/18.1/quartus/../ip/altera/sopc_builder_ip/altera_avalon_onchip_memory2 -- C:/intelfpga_lite/18.1/quartus/../ip/altera/sopc_builder_ip/altera_avalon_onchip_memory2/generate_rtl.pl --name=nios2e_onchip_memory2_0 --dir=C:/Users/jblee/AppData/Local/Temp/alt9070_4046306389590878217.dir/0004_onchip_memory2_0_gen/ --quartus_dir=C:/intelfpga_lite/18.1/quartus --verilog --config=C:/Users/jblee/AppData/Local/Temp/alt9070_4046306389590878217.dir/0004_onchip_memory2_0_gen//nios2e_onchip_memory2_0_component_configuration.pl  --do_build_sim=0  ]
Info: onchip_memory2_0: Done RTL generation for module 'nios2e_onchip_memory2_0'
Info: onchip_memory2_0: "nios2e" instantiated altera_avalon_onchip_memory2 "onchip_memory2_0"
Info: avalon_st_adapter: Inserting error_adapter: error_adapter_0
Info: avalon_st_adapter_001: Inserting error_adapter: error_adapter_0
Info: avalon_st_adapter_002: Inserting error_adapter: error_adapter_0
Info: avalon_st_adapter_003: Inserting error_adapter: error_adapter_0
Info: mm_interconnect_0: "nios2e" instantiated altera_mm_interconnect "mm_interconnect_0"
Info: irq_mapper: "nios2e" instantiated altera_irq_mapper "irq_mapper"
Info: rst_controller: "nios2e" instantiated altera_reset_controller "rst_controller"
Info: nios2_qsys_0_data_master_translator: "mm_interconnect_0" instantiated altera_merlin_master_translator "nios2_qsys_0_data_master_translator"
Info: nios2_qsys_0_jtag_debug_module_translator: "mm_interconnect_0" instantiated altera_merlin_slave_translator "nios2_qsys_0_jtag_debug_module_translator"
Info: nios2_qsys_0_data_master_agent: "mm_interconnect_0" instantiated altera_merlin_master_agent "nios2_qsys_0_data_master_agent"
Info: nios2_qsys_0_jtag_debug_module_agent: "mm_interconnect_0" instantiated altera_merlin_slave_agent "nios2_qsys_0_jtag_debug_module_agent"
Info: nios2_qsys_0_jtag_debug_module_agent_rsp_fifo: "mm_interconnect_0" instantiated altera_avalon_sc_fifo "nios2_qsys_0_jtag_debug_module_agent_rsp_fifo"
Info: router: "mm_interconnect_0" instantiated altera_merlin_router "router"
Info: router_001: "mm_interconnect_0" instantiated altera_merlin_router "router_001"
Info: router_002: "mm_interconnect_0" instantiated altera_merlin_router "router_002"
Info: router_004: "mm_interconnect_0" instantiated altera_merlin_router "router_004"
Info: cmd_demux: "mm_interconnect_0" instantiated altera_merlin_demultiplexer "cmd_demux"
Info: cmd_demux_001: "mm_interconnect_0" instantiated altera_merlin_demultiplexer "cmd_demux_001"
Info: cmd_mux: "mm_interconnect_0" instantiated altera_merlin_multiplexer "cmd_mux"
Info: cmd_mux_002: "mm_interconnect_0" instantiated altera_merlin_multiplexer "cmd_mux_002"
Info: Reusing file C:/JBL/DE1_Nios/DE1_Nios/altera/nios2e/synthesis/submodules/altera_merlin_arbitrator.sv
Info: rsp_demux_002: "mm_interconnect_0" instantiated altera_merlin_demultiplexer "rsp_demux_002"
Info: rsp_mux: "mm_interconnect_0" instantiated altera_merlin_multiplexer "rsp_mux"
Info: Reusing file C:/JBL/DE1_Nios/DE1_Nios/altera/nios2e/synthesis/submodules/altera_merlin_arbitrator.sv
Info: rsp_mux_001: "mm_interconnect_0" instantiated altera_merlin_multiplexer "rsp_mux_001"
Info: Reusing file C:/JBL/DE1_Nios/DE1_Nios/altera/nios2e/synthesis/submodules/altera_merlin_arbitrator.sv
Info: avalon_st_adapter: "mm_interconnect_0" instantiated altera_avalon_st_adapter "avalon_st_adapter"
Info: error_adapter_0: "avalon_st_adapter" instantiated error_adapter "error_adapter_0"
Info: nios2e: Done "nios2e" with 25 modules, 39 files
Info: qsys-generate succeeded.
Info: Finished: Create HDL design files for synthesis
