05:08:22 **** Incremental Build of configuration Nios II for project app03 ****
make all 
Info: Building ../app03_bsp/
C:/intelFPGA_lite/18.1/nios2eds/bin/gnu/H-x86_64-mingw32/bin/make --no-print-directory -C ../app03_bsp/
[BSP build complete]
Info: Compiling hello_world_small.c to obj/default/hello_world_small.o
nios2-elf-gcc -xc -MP -MMD -c -I../app03_bsp//HAL/inc -I../app03_bsp/ -I../app03_bsp//drivers/inc  -pipe -D__hal__ -DALT_NO_C_PLUS_PLUS -DALT_NO_CLEAN_EXIT -D'exit(a)=_exit(a)' -DALT_NO_EXIT -DALT_USE_DIRECT_DRIVERS -DALT_NO_INSTRUCTION_EMULATION -DALT_USE_SMALL_DRIVERS -DSMALL_C_LIB -DALT_SINGLE_THREADED    -Os -g -Wall   -mno-hw-div -mno-hw-mul -mno-hw-mulx -mgpopt=global  -o obj/default/hello_world_small.o hello_world_small.c
hello_world_small.c: In function '_wait':
hello_world_small.c:99:15: warning: variable 'sum' set but not used [-Wunused-but-set-variable]
  volatile int sum, data;
               ^
hello_world_small.c: In function 'main':
hello_world_small.c:351:8: warning: 'reg1' may be used uninitialized in this function [-Wmaybe-uninitialized]
      if(reg1 != reg1old) {
        ^
Info: Linking app03.elf
nios2-elf-g++  -T'../app03_bsp//linker.x' -msys-crt0='../app03_bsp//obj/HAL/src/crt0.o' -msys-lib=hal_bsp -L../app03_bsp/  -msmallc  -Wl,-Map=app03.map   -Os -g -Wall   -mno-hw-div -mno-hw-mul -mno-hw-mulx -mgpopt=global  -o app03.elf obj/default/hello_world_small.o -lm -msys-lib=m
nios2-elf-insert app03.elf --thread_model hal --cpu_name nios2_qsys_0 --qsys true --simulation_enabled false --stderr_dev jtag_uart_0 --stdin_dev jtag_uart_0 --stdout_dev jtag_uart_0 --sopc_system_name nios2e --quartus_project_dir "C:/JBL/DE1_Nios/DE1_Nios/altera" --jdi ../..//output_files/top_de1_nios.jdi --sopcinfo C:/JBL/DE1_Nios/DE1_Nios/altera/software/app03_bsp/../../nios2e.sopcinfo
Info: (app03.elf) 6892 Bytes program size (code + initialized data).
Info:             9492 Bytes free for stack + heap.
Info: Creating app03.objdump
nios2-elf-objdump --disassemble --syms --all-header --source app03.elf >app03.objdump
[app03 build complete]
05:08:56 **** Build of configuration Nios II for project app03 ****
make all 
Info: Building ../app03_bsp/
C:/intelFPGA_lite/18.1/nios2eds/bin/gnu/H-x86_64-mingw32/bin/make --no-print-directory -C ../app03_bsp/
[BSP build complete]
[app03 build complete]
05:08:59 **** Incremental Build of configuration Nios II for project app03 ****
make all 
Info: Building ../app03_bsp/
C:/intelFPGA_lite/18.1/nios2eds/bin/gnu/H-x86_64-mingw32/bin/make --no-print-directory -C ../app03_bsp/
[BSP build complete]
[app03 build complete]
